INFO     [2018-01-16 23:50:14,723] 50.40641, 30.6192716667, Location: 44A, Урлівська вулиця, 10-й мікрорайон, Позняки, Дарницький район, Київ, 02095, Україна
INFO     [2018-01-16 23:50:25,164] 50.40641, 30.6192716667, Location: 44A, Урлівська вулиця, 10-й мікрорайон, Позняки, Дарницький район, Київ, 02095, Україна
INFO     [2018-01-16 23:50:35,978] 50.40641, 30.6192716667, Location: 44A, Урлівська вулиця, 10-й мікрорайон, Позняки, Дарницький район, Київ, 02095, Україна
INFO     [2018-01-16 23:50:46,405] 50.40641, 30.6192716667, Location: 44A, Урлівська вулиця, 10-й мікрорайон, Позняки, Дарницький район, Київ, 02095, Україна
INFO     [2018-01-16 23:50:56,995] 50.40641, 30.6192716667, Location: 44A, Урлівська вулиця, 10-й мікрорайон, Позняки, Дарницький район, Київ, 02095, Україна
INFO     [2018-01-16 23:51:07,589] 50.40641, 30.6192716667, Location: 44A, Урлівська вулиця, 10-й мікрорайон, Позняки, Дарницький район, Київ, 02095, Україна
INFO     [2018-01-16 23:51:18,583] 50.40641, 30.6192716667, Location: 44A, Урлівська вулиця, 10-й мікрорайон, Позняки, Дарницький район, Київ, 02095, Україна
INFO     [2018-01-16 23:51:28,941] 50.40641, 30.6192716667, Location: 44A, Урлівська вулиця, 10-й мікрорайон, Позняки, Дарницький район, Київ, 02095, Україна
INFO     [2018-01-16 23:51:39,326] 50.40641, 30.6192716667, Location: 44A, Урлівська вулиця, 10-й мікрорайон, Позняки, Дарницький район, Київ, 02095, Україна
INFO     [2018-01-16 23:51:49,727] 50.40641, 30.6192716667, Location: 44A, Урлівська вулиця, 10-й мікрорайон, Позняки, Дарницький район, Київ, 02095, Україна
INFO     [2018-01-16 23:52:00,039] 50.40641, 30.6192716667, Location: 44A, Урлівська вулиця, 10-й мікрорайон, Позняки, Дарницький район, Київ, 02095, Україна
INFO     [2018-01-16 23:52:10,500] 50.40641, 30.6192716667, Location: 44A, Урлівська вулиця, 10-й мікрорайон, Позняки, Дарницький район, Київ, 02095, Україна
INFO     [2018-01-16 23:52:21,529] 50.40641, 30.6192716667, Location: 44A, Урлівська вулиця, 10-й мікрорайон, Позняки, Дарницький район, Київ, 02095, Україна
INFO     [2018-01-16 23:52:31,946] 50.40641, 30.6192716667, Location: 44A, Урлівська вулиця, 10-й мікрорайон, Позняки, Дарницький район, Київ, 02095, Україна
INFO     [2018-01-16 23:52:42,556] 50.40641, 30.6192716667, Location: 44A, Урлівська вулиця, 10-й мікрорайон, Позняки, Дарницький район, Київ, 02095, Україна
INFO     [2018-01-16 23:52:52,925] 50.40641, 30.6192716667, Location: 44A, Урлівська вулиця, 10-й мікрорайон, Позняки, Дарницький район, Київ, 02095, Україна
INFO     [2018-01-16 23:53:03,253] 50.40641, 30.6192716667, Location: 44A, Урлівська вулиця, 10-й мікрорайон, Позняки, Дарницький район, Київ, 02095, Україна
INFO     [2018-01-16 23:53:13,594] 50.40641, 30.6192716667, Location: 44A, Урлівська вулиця, 10-й мікрорайон, Позняки, Дарницький район, Київ, 02095, Україна
INFO     [2018-01-16 23:53:23,993] 50.40641, 30.6192716667, Location: 44A, Урлівська вулиця, 10-й мікрорайон, Позняки, Дарницький район, Київ, 02095, Україна
INFO     [2018-01-16 23:53:34,650] 50.40641, 30.6192716667, Location: 44A, Урлівська вулиця, 10-й мікрорайон, Позняки, Дарницький район, Київ, 02095, Україна
ERROR    [2018-01-16 23:53:44,659] Failed to read serial
INFO     [2018-01-16 23:53:55,150] 50.40641, 30.6192716667, Location: 44A, Урлівська вулиця, 10-й мікрорайон, Позняки, Дарницький район, Київ, 02095, Україна
ERROR    [2018-01-16 23:54:05,162] Failed to read serial
ERROR    [2018-01-16 23:54:15,171] Failed to read serial
ERROR    [2018-01-16 23:54:25,179] Failed to read serial
ERROR    [2018-01-16 23:54:35,187] Failed to read serial
ERROR    [2018-01-16 23:54:45,194] Failed to read serial
ERROR    [2018-01-16 23:54:55,202] Failed to read serial
ERROR    [2018-01-16 23:55:05,209] Failed to read serial
INFO     [2018-01-16 23:55:15,620] 50.40641, 30.6192716667, Location: 44A, Урлівська вулиця, 10-й мікрорайон, Позняки, Дарницький район, Київ, 02095, Україна
INFO     [2018-01-16 23:55:26,401] 50.40641, 30.6192716667, Location: 44A, Урлівська вулиця, 10-й мікрорайон, Позняки, Дарницький район, Київ, 02095, Україна
ERROR    [2018-01-16 23:55:36,410] Failed to read serial
INFO     [2018-01-16 23:55:47,728] 50.40641, 30.6192716667, Location: 44A, Урлівська вулиця, 10-й мікрорайон, Позняки, Дарницький район, Київ, 02095, Україна
INFO     [2018-01-16 23:55:58,068] 50.40641, 30.6192716667, Location: 44A, Урлівська вулиця, 10-й мікрорайон, Позняки, Дарницький район, Київ, 02095, Україна
INFO     [2018-01-16 23:56:09,082] Failed to get Location, gpsdata $GPGGA,215549.000,5024.3846,N,03037.1563,E,2,8,1.10,126.9,M,27.8,M,0000,0000*54
INFO     [2018-01-16 23:56:09,480] 50.40641, 30.6192716667, Location: 44A, Урлівська вулиця, 10-й мікрорайон, Позняки, Дарницький район, Київ, 02095, Україна
INFO     [2018-01-16 23:56:19,813] 50.40641, 30.6192716667, Location: 44A, Урлівська вулиця, 10-й мікрорайон, Позняки, Дарницький район, Київ, 02095, Україна
INFO     [2018-01-16 23:56:30,211] 50.40641, 30.6192716667, Location: 44A, Урлівська вулиця, 10-й мікрорайон, Позняки, Дарницький район, Київ, 02095, Україна
INFO     [2018-01-16 23:56:40,516] 50.40641, 30.6192716667, Location: 44A, Урлівська вулиця, 10-й мікрорайон, Позняки, Дарницький район, Київ, 02095, Україна
INFO     [2018-01-16 23:56:50,922] 50.40641, 30.6192716667, Location: 44A, Урлівська вулиця, 10-й мікрорайон, Позняки, Дарницький район, Київ, 02095, Україна
INFO     [2018-01-16 23:57:01,255] 50.40641, 30.6192716667, Location: 44A, Урлівська вулиця, 10-й мікрорайон, Позняки, Дарницький район, Київ, 02095, Україна
INFO     [2018-01-16 23:57:11,641] 50.40641, 30.6192716667, Location: 44A, Урлівська вулиця, 10-й мікрорайон, Позняки, Дарницький район, Київ, 02095, Україна
INFO     [2018-01-16 23:57:22,268] 50.40641, 30.6192716667, Location: 44A, Урлівська вулиця, 10-й мікрорайон, Позняки, Дарницький район, Київ, 02095, Україна
INFO     [2018-01-16 23:57:33,082] 50.40641, 30.6192716667, Location: 44A, Урлівська вулиця, 10-й мікрорайон, Позняки, Дарницький район, Київ, 02095, Україна
INFO     [2018-01-16 23:57:43,510] 50.40641, 30.6192716667, Location: 44A, Урлівська вулиця, 10-й мікрорайон, Позняки, Дарницький район, Київ, 02095, Україна
INFO     [2018-01-16 23:57:53,868] 50.40641, 30.6192716667, Location: 44A, Урлівська вулиця, 10-й мікрорайон, Позняки, Дарницький район, Київ, 02095, Україна
INFO     [2018-01-16 23:58:04,222] 50.40641, 30.6192716667, Location: 44A, Урлівська вулиця, 10-й мікрорайон, Позняки, Дарницький район, Київ, 02095, Україна
INFO     [2018-01-16 23:58:14,574] 50.40641, 30.6192716667, Location: 44A, Урлівська вулиця, 10-й мікрорайон, Позняки, Дарницький район, Київ, 02095, Україна
INFO     [2018-01-16 23:58:24,912] 50.40641, 30.6192716667, Location: 44A, Урлівська вулиця, 10-й мікрорайон, Позняки, Дарницький район, Київ, 02095, Україна
INFO     [2018-01-16 23:58:35,288] 50.40641, 30.6192716667, Location: 44A, Урлівська вулиця, 10-й мікрорайон, Позняки, Дарницький район, Київ, 02095, Україна
INFO     [2018-01-16 23:58:45,637] 50.40641, 30.6192716667, Location: 44A, Урлівська вулиця, 10-й мікрорайон, Позняки, Дарницький район, Київ, 02095, Україна
INFO     [2018-01-16 23:58:56,027] 50.40641, 30.6192716667, Location: 44A, Урлівська вулиця, 10-й мікрорайон, Позняки, Дарницький район, Київ, 02095, Україна
INFO     [2018-01-16 23:59:06,370] 50.40641, 30.6192716667, Location: 44A, Урлівська вулиця, 10-й мікрорайон, Позняки, Дарницький район, Київ, 02095, Україна
INFO     [2018-01-17 00:07:33,006] 50.40641, 30.6192716667, Location: 44A, Урлівська вулиця, 10-й мікрорайон, Позняки, Дарницький район, Київ, 02095, Україна
INFO     [2018-01-17 00:07:43,404] 50.40641, 30.6192716667, Location: 44A, Урлівська вулиця, 10-й мікрорайон, Позняки, Дарницький район, Київ, 02095, Україна
INFO     [2018-01-17 00:07:54,225] 50.40641, 30.6192716667, Location: 44A, Урлівська вулиця, 10-й мікрорайон, Позняки, Дарницький район, Київ, 02095, Україна
INFO     [2018-01-17 00:08:05,140] 50.40641, 30.6192716667, Location: 44A, Урлівська вулиця, 10-й мікрорайон, Позняки, Дарницький район, Київ, 02095, Україна
INFO     [2018-01-17 00:08:15,821] 50.40641, 30.6192716667, Location: 44A, Урлівська вулиця, 10-й мікрорайон, Позняки, Дарницький район, Київ, 02095, Україна
INFO     [2018-01-17 00:08:26,156] 50.40641, 30.6192716667, Location: 44A, Урлівська вулиця, 10-й мікрорайон, Позняки, Дарницький район, Київ, 02095, Україна
INFO     [2018-01-17 00:08:36,532] 50.40641, 30.6192716667, Location: 44A, Урлівська вулиця, 10-й мікрорайон, Позняки, Дарницький район, Київ, 02095, Україна
INFO     [2018-01-17 00:08:46,875] 50.40641, 30.6192716667, Location: 44A, Урлівська вулиця, 10-й мікрорайон, Позняки, Дарницький район, Київ, 02095, Україна
INFO     [2018-01-17 00:08:57,262] 50.40641, 30.6192716667, Location: 44A, Урлівська вулиця, 10-й мікрорайон, Позняки, Дарницький район, Київ, 02095, Україна
INFO     [2018-01-17 00:09:07,604] 50.40641, 30.6192716667, Location: 44A, Урлівська вулиця, 10-й мікрорайон, Позняки, Дарницький район, Київ, 02095, Україна
INFO     [2018-01-17 00:09:17,997] 50.40641, 30.6192716667, Location: 44A, Урлівська вулиця, 10-й мікрорайон, Позняки, Дарницький район, Київ, 02095, Україна
INFO     [2018-01-17 00:09:28,379] 50.40641, 30.6192716667, Location: 44A, Урлівська вулиця, 10-й мікрорайон, Позняки, Дарницький район, Київ, 02095, Україна
INFO     [2018-01-17 00:09:38,749] 50.40641, 30.6192716667, Location: 44A, Урлівська вулиця, 10-й мікрорайон, Позняки, Дарницький район, Київ, 02095, Україна
INFO     [2018-01-17 00:09:49,349] 50.40641, 30.6192716667, Location: 44A, Урлівська вулиця, 10-й мікрорайон, Позняки, Дарницький район, Київ, 02095, Україна
INFO     [2018-01-17 00:09:59,725] 50.40641, 30.6192716667, Location: 44A, Урлівська вулиця, 10-й мікрорайон, Позняки, Дарницький район, Київ, 02095, Україна
INFO     [2018-01-17 00:10:10,419] 50.40641, 30.6192716667, Location: 44A, Урлівська вулиця, 10-й мікрорайон, Позняки, Дарницький район, Київ, 02095, Україна
INFO     [2018-01-17 00:10:20,795] 50.40641, 30.6192716667, Location: 44A, Урлівська вулиця, 10-й мікрорайон, Позняки, Дарницький район, Київ, 02095, Україна
INFO     [2018-01-17 00:10:31,167] 50.40641, 30.6192716667, Location: 44A, Урлівська вулиця, 10-й мікрорайон, Позняки, Дарницький район, Київ, 02095, Україна
INFO     [2018-01-17 00:10:41,908] 50.40641, 30.6192716667, Location: 44A, Урлівська вулиця, 10-й мікрорайон, Позняки, Дарницький район, Київ, 02095, Україна
INFO     [2018-01-17 00:10:52,285] 50.40641, 30.6192716667, Location: 44A, Урлівська вулиця, 10-й мікрорайон, Позняки, Дарницький район, Київ, 02095, Україна
ERROR    [2018-01-17 00:11:02,295] Failed to read serial
ERROR    [2018-01-17 00:11:12,304] Failed to read serial
ERROR    [2018-01-17 00:11:22,320] Failed to read serial
ERROR    [2018-01-17 00:11:32,327] Failed to read serial
ERROR    [2018-01-17 00:11:42,334] Failed to read serial
INFO     [2018-01-17 00:11:52,718] 50.40641, 30.6192716667, Location: 44A, Урлівська вулиця, 10-й мікрорайон, Позняки, Дарницький район, Київ, 02095, Україна
ERROR    [2018-01-17 00:12:02,727] Failed to read serial
ERROR    [2018-01-17 00:12:12,735] Failed to read serial
INFO     [2018-01-17 00:12:17,674] 50.40641, 30.6192716667, Location: 44A, Урлівська вулиця, 10-й мікрорайон, Позняки, Дарницький район, Київ, 02095, Україна
INFO     [2018-01-17 00:12:28,019] 50.40641, 30.6192716667, Location: 44A, Урлівська вулиця, 10-й мікрорайон, Позняки, Дарницький район, Київ, 02095, Україна
INFO     [2018-01-17 00:12:39,034] Failed to get Location, gpsdata $GPGGA,221219.000,5024.3846,N,03037.1563,E,2,8,1.08,126.9,M,27.8,M,0000,0000*58
INFO     [2018-01-17 00:12:39,371] 50.40641, 30.6192716667, Location: 44A, Урлівська вулиця, 10-й мікрорайон, Позняки, Дарницький район, Київ, 02095, Україна
INFO     [2018-01-17 00:12:49,745] 50.40641, 30.6192716667, Location: 44A, Урлівська вулиця, 10-й мікрорайон, Позняки, Дарницький район, Київ, 02095, Україна
INFO     [2018-01-17 00:13:00,962] 50.40641, 30.6192716667, Location: 44A, Урлівська вулиця, 10-й мікрорайон, Позняки, Дарницький район, Київ, 02095, Україна
INFO     [2018-01-17 00:13:11,316] 50.40641, 30.6192716667, Location: 44A, Урлівська вулиця, 10-й мікрорайон, Позняки, Дарницький район, Київ, 02095, Україна
INFO     [2018-01-17 00:13:21,741] 50.40641, 30.6192716667, Location: 44A, Урлівська вулиця, 10-й мікрорайон, Позняки, Дарницький район, Київ, 02095, Україна
INFO     [2018-01-17 00:13:32,115] 50.40641, 30.6192716667, Location: 44A, Урлівська вулиця, 10-й мікрорайон, Позняки, Дарницький район, Київ, 02095, Україна
INFO     [2018-01-17 00:13:42,629] 50.40641, 30.6192716667, Location: 44A, Урлівська вулиця, 10-й мікрорайон, Позняки, Дарницький район, Київ, 02095, Україна
INFO     [2018-01-17 00:13:53,047] 50.40641, 30.6192716667, Location: 44A, Урлівська вулиця, 10-й мікрорайон, Позняки, Дарницький район, Київ, 02095, Україна
INFO     [2018-01-17 00:14:03,415] 50.40641, 30.6192716667, Location: 44A, Урлівська вулиця, 10-й мікрорайон, Позняки, Дарницький район, Київ, 02095, Україна
INFO     [2018-01-17 00:14:13,909] 50.40641, 30.6192716667, Location: 44A, Урлівська вулиця, 10-й мікрорайон, Позняки, Дарницький район, Київ, 02095, Україна
INFO     [2018-01-17 00:14:24,860] 50.40641, 30.6192716667, Location: 44A, Урлівська вулиця, 10-й мікрорайон, Позняки, Дарницький район, Київ, 02095, Україна
INFO     [2018-01-17 00:14:35,208] 50.40641, 30.6192716667, Location: 44A, Урлівська вулиця, 10-й мікрорайон, Позняки, Дарницький район, Київ, 02095, Україна
INFO     [2018-01-17 00:14:45,576] 50.40641, 30.6192716667, Location: 44A, Урлівська вулиця, 10-й мікрорайон, Позняки, Дарницький район, Київ, 02095, Україна
INFO     [2018-01-17 00:14:55,972] 50.40641, 30.6192716667, Location: 44A, Урлівська вулиця, 10-й мікрорайон, Позняки, Дарницький район, Київ, 02095, Україна
INFO     [2018-01-17 00:15:06,309] 50.40641, 30.6192716667, Location: 44A, Урлівська вулиця, 10-й мікрорайон, Позняки, Дарницький район, Київ, 02095, Україна
INFO     [2018-01-17 00:15:16,695] 50.40641, 30.6192716667, Location: 44A, Урлівська вулиця, 10-й мікрорайон, Позняки, Дарницький район, Київ, 02095, Україна
INFO     [2018-01-17 00:15:27,117] 50.40641, 30.6192716667, Location: 44A, Урлівська вулиця, 10-й мікрорайон, Позняки, Дарницький район, Київ, 02095, Україна
INFO     [2018-01-17 00:15:37,789] 50.40641, 30.6192716667, Location: 44A, Урлівська вулиця, 10-й мікрорайон, Позняки, Дарницький район, Київ, 02095, Україна
INFO     [2018-01-17 00:15:45,166] Failed to get Location, gpsdata $GPGGA,221239.000,5024.3846,N,03037.1563,E,2,8,0.96,126.9,M,27.8,M,0000,0000*5C
ERROR    [2018-01-17 00:15:45,169] Failed to read serial
INFO     [2018-01-17 00:15:48,502] 50.40641, 30.6192716667, Location: 44A, Урлівська вулиця, 10-й мікрорайон, Позняки, Дарницький район, Київ, 02095, Україна
INFO     [2018-01-17 00:18:05,677] 50.40641, 30.6192716667, Location: 44A, Урлівська вулиця, 10-й мікрорайон, Позняки, Дарницький район, Київ, 02095, Україна
INFO     [2018-01-17 00:18:18,688] 50.40641, 30.6192716667, Location: 44A, Урлівська вулиця, 10-й мікрорайон, Позняки, Дарницький район, Київ, 02095, Україна
INFO     [2018-01-17 00:18:31,758] 50.40641, 30.6192716667, Location: 44A, Урлівська вулиця, 10-й мікрорайон, Позняки, Дарницький район, Київ, 02095, Україна
INFO     [2018-01-17 00:18:44,701] 50.40641, 30.6192716667, Location: 44A, Урлівська вулиця, 10-й мікрорайон, Позняки, Дарницький район, Київ, 02095, Україна
INFO     [2018-01-17 00:18:57,706] 50.40641, 30.6192716667, Location: 44A, Урлівська вулиця, 10-й мікрорайон, Позняки, Дарницький район, Київ, 02095, Україна
INFO     [2018-01-17 00:19:10,747] 50.40641, 30.6192716667, Location: 44A, Урлівська вулиця, 10-й мікрорайон, Позняки, Дарницький район, Київ, 02095, Україна
INFO     [2018-01-17 00:19:23,725] 50.40641, 30.6192716667, Location: 44A, Урлівська вулиця, 10-й мікрорайон, Позняки, Дарницький район, Київ, 02095, Україна
INFO     [2018-01-17 00:19:36,658] 50.40641, 30.6192716667, Location: 44A, Урлівська вулиця, 10-й мікрорайон, Позняки, Дарницький район, Київ, 02095, Україна
INFO     [2018-01-17 00:19:50,077] 50.40641, 30.6192716667, Location: 44A, Урлівська вулиця, 10-й мікрорайон, Позняки, Дарницький район, Київ, 02095, Україна
INFO     [2018-01-17 00:20:02,663] 50.40641, 30.6192716667, Location: 44A, Урлівська вулиця, 10-й мікрорайон, Позняки, Дарницький район, Київ, 02095, Україна
INFO     [2018-01-17 00:20:15,681] 50.40641, 30.6192716667, Location: 44A, Урлівська вулиця, 10-й мікрорайон, Позняки, Дарницький район, Київ, 02095, Україна
INFO     [2018-01-17 00:20:28,770] 50.40641, 30.6192716667, Location: 44A, Урлівська вулиця, 10-й мікрорайон, Позняки, Дарницький район, Київ, 02095, Україна
INFO     [2018-01-17 00:20:42,122] 50.40641, 30.6192716667, Location: 44A, Урлівська вулиця, 10-й мікрорайон, Позняки, Дарницький район, Київ, 02095, Україна
INFO     [2018-01-17 00:20:54,737] 50.40641, 30.6192716667, Location: 44A, Урлівська вулиця, 10-й мікрорайон, Позняки, Дарницький район, Київ, 02095, Україна
INFO     [2018-01-17 00:21:07,705] 50.40641, 30.6192716667, Location: 44A, Урлівська вулиця, 10-й мікрорайон, Позняки, Дарницький район, Київ, 02095, Україна
INFO     [2018-01-17 00:21:20,770] 50.40641, 30.6192716667, Location: 44A, Урлівська вулиця, 10-й мікрорайон, Позняки, Дарницький район, Київ, 02095, Україна
INFO     [2018-01-17 00:21:33,864] 50.40641, 30.6192716667, Location: 44A, Урлівська вулиця, 10-й мікрорайон, Позняки, Дарницький район, Київ, 02095, Україна
INFO     [2018-01-17 00:21:46,705] 50.40641, 30.6192716667, Location: 44A, Урлівська вулиця, 10-й мікрорайон, Позняки, Дарницький район, Київ, 02095, Україна
INFO     [2018-01-17 00:21:59,868] 50.40641, 30.6192716667, Location: 44A, Урлівська вулиця, 10-й мікрорайон, Позняки, Дарницький район, Київ, 02095, Україна
INFO     [2018-01-17 00:22:13,130] 50.40641, 30.6192716667, Location: 44A, Урлівська вулиця, 10-й мікрорайон, Позняки, Дарницький район, Київ, 02095, Україна
INFO     [2018-01-17 00:22:25,954] 50.40641, 30.6192716667, Location: 44A, Урлівська вулиця, 10-й мікрорайон, Позняки, Дарницький район, Київ, 02095, Україна
INFO     [2018-01-17 00:22:38,727] 50.40641, 30.6192716667, Location: 44A, Урлівська вулиця, 10-й мікрорайон, Позняки, Дарницький район, Київ, 02095, Україна
INFO     [2018-01-17 00:22:51,760] 50.40641, 30.6192716667, Location: 44A, Урлівська вулиця, 10-й мікрорайон, Позняки, Дарницький район, Київ, 02095, Україна
INFO     [2018-01-17 00:23:04,863] 50.40641, 30.6192716667, Location: 44A, Урлівська вулиця, 10-й мікрорайон, Позняки, Дарницький район, Київ, 02095, Україна
INFO     [2018-01-17 00:23:17,712] 50.40641, 30.6192716667, Location: 44A, Урлівська вулиця, 10-й мікрорайон, Позняки, Дарницький район, Київ, 02095, Україна
INFO     [2018-01-17 00:23:32,266] Failed to get Location, gpsdata $GPGGA,222330.000,5024.3846,N,03037.1563,E,2,9,0.87,126.9,M,27.8,M,0000,0000*56
INFO     [2018-01-17 00:23:34,771] 50.40641, 30.6192716667, Location: 44A, Урлівська вулиця, 10-й мікрорайон, Позняки, Дарницький район, Київ, 02095, Україна
INFO     [2018-01-17 00:23:47,724] 50.40641, 30.6192716667, Location: 44A, Урлівська вулиця, 10-й мікрорайон, Позняки, Дарницький район, Київ, 02095, Україна
INFO     [2018-01-17 00:24:00,803] 50.40641, 30.6192716667, Location: 44A, Урлівська вулиця, 10-й мікрорайон, Позняки, Дарницький район, Київ, 02095, Україна
INFO     [2018-01-17 00:24:13,734] 50.40641, 30.6192716667, Location: 44A, Урлівська вулиця, 10-й мікрорайон, Позняки, Дарницький район, Київ, 02095, Україна
INFO     [2018-01-17 00:24:26,738] 50.40641, 30.6192716667, Location: 44A, Урлівська вулиця, 10-й мікрорайон, Позняки, Дарницький район, Київ, 02095, Україна
INFO     [2018-01-17 00:24:39,752] 50.40641, 30.6192716667, Location: 44A, Урлівська вулиця, 10-й мікрорайон, Позняки, Дарницький район, Київ, 02095, Україна
INFO     [2018-01-17 00:24:52,700] 50.40641, 30.6192716667, Location: 44A, Урлівська вулиця, 10-й мікрорайон, Позняки, Дарницький район, Київ, 02095, Україна
INFO     [2018-01-17 00:25:05,702] 50.40641, 30.6192716667, Location: 44A, Урлівська вулиця, 10-й мікрорайон, Позняки, Дарницький район, Київ, 02095, Україна
INFO     [2018-01-17 00:25:18,732] 50.40641, 30.6192716667, Location: 44A, Урлівська вулиця, 10-й мікрорайон, Позняки, Дарницький район, Київ, 02095, Україна
INFO     [2018-01-17 00:25:31,680] 50.40641, 30.6192716667, Location: 44A, Урлівська вулиця, 10-й мікрорайон, Позняки, Дарницький район, Київ, 02095, Україна
INFO     [2018-01-17 00:25:44,668] 50.40641, 30.6192716667, Location: 44A, Урлівська вулиця, 10-й мікрорайон, Позняки, Дарницький район, Київ, 02095, Україна
INFO     [2018-01-17 00:25:57,675] 50.40641, 30.6192716667, Location: 44A, Урлівська вулиця, 10-й мікрорайон, Позняки, Дарницький район, Київ, 02095, Україна
INFO     [2018-01-17 00:26:10,923] 50.40641, 30.6192716667, Location: 44A, Урлівська вулиця, 10-й мікрорайон, Позняки, Дарницький район, Київ, 02095, Україна
INFO     [2018-01-17 00:26:23,675] 50.40641, 30.6192716667, Location: 44A, Урлівська вулиця, 10-й мікрорайон, Позняки, Дарницький район, Київ, 02095, Україна
INFO     [2018-01-17 00:26:36,747] 50.40641, 30.6192716667, Location: 44A, Урлівська вулиця, 10-й мікрорайон, Позняки, Дарницький район, Київ, 02095, Україна
INFO     [2018-01-17 00:26:49,689] 50.40641, 30.6192716667, Location: 44A, Урлівська вулиця, 10-й мікрорайон, Позняки, Дарницький район, Київ, 02095, Україна
INFO     [2018-01-17 00:27:02,732] 50.40641, 30.6192716667, Location: 44A, Урлівська вулиця, 10-й мікрорайон, Позняки, Дарницький район, Київ, 02095, Україна
INFO     [2018-01-17 00:27:15,679] 50.40641, 30.6192716667, Location: 44A, Урлівська вулиця, 10-й мікрорайон, Позняки, Дарницький район, Київ, 02095, Україна
INFO     [2018-01-17 00:27:28,749] 50.40641, 30.6192716667, Location: 44A, Урлівська вулиця, 10-й мікрорайон, Позняки, Дарницький район, Київ, 02095, Україна
INFO     [2018-01-17 00:27:41,747] 50.40641, 30.6192716667, Location: 44A, Урлівська вулиця, 10-й мікрорайон, Позняки, Дарницький район, Київ, 02095, Україна
INFO     [2018-01-17 00:27:54,770] 50.40641, 30.6192716667, Location: 44A, Урлівська вулиця, 10-й мікрорайон, Позняки, Дарницький район, Київ, 02095, Україна
INFO     [2018-01-17 00:28:07,719] 50.40641, 30.6192716667, Location: 44A, Урлівська вулиця, 10-й мікрорайон, Позняки, Дарницький район, Київ, 02095, Україна
INFO     [2018-01-17 00:28:21,041] 50.40641, 30.6192716667, Location: 44A, Урлівська вулиця, 10-й мікрорайон, Позняки, Дарницький район, Київ, 02095, Україна
INFO     [2018-01-17 00:28:34,008] 50.40641, 30.6192716667, Location: 44A, Урлівська вулиця, 10-й мікрорайон, Позняки, Дарницький район, Київ, 02095, Україна
INFO     [2018-01-17 00:28:46,755] 50.40641, 30.6192716667, Location: 44A, Урлівська вулиця, 10-й мікрорайон, Позняки, Дарницький район, Київ, 02095, Україна
INFO     [2018-01-17 00:28:59,728] 50.40641, 30.6192716667, Location: 44A, Урлівська вулиця, 10-й мікрорайон, Позняки, Дарницький район, Київ, 02095, Україна
INFO     [2018-01-17 00:29:12,998] 50.40641, 30.6192716667, Location: 44A, Урлівська вулиця, 10-й мікрорайон, Позняки, Дарницький район, Київ, 02095, Україна
INFO     [2018-01-17 00:29:25,734] 50.40641, 30.6192716667, Location: 44A, Урлівська вулиця, 10-й мікрорайон, Позняки, Дарницький район, Київ, 02095, Україна
INFO     [2018-01-17 00:29:38,711] 50.40641, 30.6192716667, Location: 44A, Урлівська вулиця, 10-й мікрорайон, Позняки, Дарницький район, Київ, 02095, Україна
INFO     [2018-01-17 00:29:51,791] 50.40641, 30.6192716667, Location: 44A, Урлівська вулиця, 10-й мікрорайон, Позняки, Дарницький район, Київ, 02095, Україна
INFO     [2018-01-17 00:30:05,398] 50.40641, 30.6192716667, Location: 44A, Урлівська вулиця, 10-й мікрорайон, Позняки, Дарницький район, Київ, 02095, Україна
INFO     [2018-01-17 00:30:21,511] 50.40641, 30.6192716667, Location: 44A, Урлівська вулиця, 10-й мікрорайон, Позняки, Дарницький район, Київ, 02095, Україна
INFO     [2018-01-17 00:30:34,908] 50.40641, 30.6192716667, Location: 44A, Урлівська вулиця, 10-й мікрорайон, Позняки, Дарницький район, Київ, 02095, Україна
INFO     [2018-01-17 00:30:47,805] 50.40641, 30.6192716667, Location: 44A, Урлівська вулиця, 10-й мікрорайон, Позняки, Дарницький район, Київ, 02095, Україна
INFO     [2018-01-17 00:31:00,748] 50.40641, 30.6192716667, Location: 44A, Урлівська вулиця, 10-й мікрорайон, Позняки, Дарницький район, Київ, 02095, Україна
INFO     [2018-01-17 00:31:14,004] 50.40641, 30.6192716667, Location: 44A, Урлівська вулиця, 10-й мікрорайон, Позняки, Дарницький район, Київ, 02095, Україна
INFO     [2018-01-17 00:31:27,146] 50.40641, 30.6192716667, Location: 44A, Урлівська вулиця, 10-й мікрорайон, Позняки, Дарницький район, Київ, 02095, Україна
INFO     [2018-01-17 00:31:39,765] 50.40641, 30.6192716667, Location: 44A, Урлівська вулиця, 10-й мікрорайон, Позняки, Дарницький район, Київ, 02095, Україна
INFO     [2018-01-17 00:31:52,738] 50.40641, 30.6192716667, Location: 44A, Урлівська вулиця, 10-й мікрорайон, Позняки, Дарницький район, Київ, 02095, Україна
INFO     [2018-01-17 00:32:05,651] 50.40641, 30.6192716667, Location: 44A, Урлівська вулиця, 10-й мікрорайон, Позняки, Дарницький район, Київ, 02095, Україна
INFO     [2018-01-17 00:32:19,808] Failed to get Location, gpsdata $GPGGA,223218.000,5024.3846,N,03037.1563,E,2,8,1.05,126.9,M,27.8,M,0000,0000*56
INFO     [2018-01-17 00:32:23,160] 50.40641, 30.6192716667, Location: 44A, Урлівська вулиця, 10-й мікрорайон, Позняки, Дарницький район, Київ, 02095, Україна
INFO     [2018-01-17 00:32:35,909] 50.40641, 30.6192716667, Location: 44A, Урлівська вулиця, 10-й мікрорайон, Позняки, Дарницький район, Київ, 02095, Україна
INFO     [2018-01-17 00:32:48,732] 50.40641, 30.6192716667, Location: 44A, Урлівська вулиця, 10-й мікрорайон, Позняки, Дарницький район, Київ, 02095, Україна
INFO     [2018-01-17 00:33:01,644] 50.40641, 30.6192716667, Location: 44A, Урлівська вулиця, 10-й мікрорайон, Позняки, Дарницький район, Київ, 02095, Україна
INFO     [2018-01-17 00:33:14,686] 50.40641, 30.6192716667, Location: 44A, Урлівська вулиця, 10-й мікрорайон, Позняки, Дарницький район, Київ, 02095, Україна
INFO     [2018-01-17 00:33:27,694] 50.40641, 30.6192716667, Location: 44A, Урлівська вулиця, 10-й мікрорайон, Позняки, Дарницький район, Київ, 02095, Україна
INFO     [2018-01-17 00:33:40,772] 50.40641, 30.6192716667, Location: 44A, Урлівська вулиця, 10-й мікрорайон, Позняки, Дарницький район, Київ, 02095, Україна
INFO     [2018-01-17 00:33:53,692] 50.40641, 30.6192716667, Location: 44A, Урлівська вулиця, 10-й мікрорайон, Позняки, Дарницький район, Київ, 02095, Україна
INFO     [2018-01-17 00:33:55,673] Failed to get Location, gpsdata $GPGGA,223353.000,5024.3846,N,03037.1563,E,2,8,1.07,126.9,M,27.8,M,0000,0000*5A
INFO     [2018-01-17 00:33:58,727] 50.40641, 30.6192716667, Location: 44A, Урлівська вулиця, 10-й мікрорайон, Позняки, Дарницький район, Київ, 02095, Україна
INFO     [2018-01-17 00:34:03,700] 50.40641, 30.6192716667, Location: 44A, Урлівська вулиця, 10-й мікрорайон, Позняки, Дарницький район, Київ, 02095, Україна
INFO     [2018-01-17 00:34:14,713] Failed to get Location, gpsdata $GPGGA,223404.000,5024.3846,N,03037.1563,E,2,8,1.47,126.9,M,27.8,M,0000,0000*5B
INFO     [2018-01-17 00:34:15,056] 50.40641, 30.6192716667, Location: 44A, Урлівська вулиця, 10-й мікрорайон, Позняки, Дарницький район, Київ, 02095, Україна
INFO     [2018-01-17 00:34:25,421] 50.40641, 30.6192716667, Location: 44A, Урлівська вулиця, 10-й мікрорайон, Позняки, Дарницький район, Київ, 02095, Україна
INFO     [2018-01-17 00:34:35,755] 50.40641, 30.6192716667, Location: 44A, Урлівська вулиця, 10-й мікрорайон, Позняки, Дарницький район, Київ, 02095, Україна
INFO     [2018-01-17 00:34:43,606] Failed to get Location, gpsdata $GPGGA,223407.000,5024.3846,N,03037.1563,E,2,8,1.36,126.9,M,27.8,M,0000,0000*5E
INFO     [2018-01-17 00:34:43,945] 50.40641, 30.6192716667, Location: 44A, Урлівська вулиця, 10-й мікрорайон, Позняки, Дарницький район, Київ, 02095, Україна
